{"/home/omar/Authproject401/401-whiteboard-backend/server.js": {"path":"/home/omar/Authproject401/401-whiteboard-backend/server.js","statementMap":{"0":{"start":{"line":3,"column":16},"end":{"line":3,"column":34}},"1":{"start":{"line":4,"column":13},"end":{"line":4,"column":28}},"2":{"start":{"line":5,"column":12},"end":{"line":5,"column":21}},"3":{"start":{"line":6,"column":21},"end":{"line":6,"column":52}},"4":{"start":{"line":7,"column":22},"end":{"line":7,"column":53}},"5":{"start":{"line":8,"column":19},"end":{"line":8,"column":49}},"6":{"start":{"line":9,"column":22},"end":{"line":9,"column":55}},"7":{"start":{"line":10,"column":11},"end":{"line":10,"column":36}},"8":{"start":{"line":11,"column":15},"end":{"line":11,"column":46}},"9":{"start":{"line":13,"column":0},"end":{"line":13,"column":15}},"10":{"start":{"line":14,"column":0},"end":{"line":14,"column":23}},"11":{"start":{"line":15,"column":0},"end":{"line":15,"column":19}},"12":{"start":{"line":16,"column":0},"end":{"line":16,"column":22}},"13":{"start":{"line":17,"column":0},"end":{"line":17,"column":16}},"14":{"start":{"line":18,"column":0},"end":{"line":23,"column":2}},"15":{"start":{"line":19,"column":0},"end":{"line":22,"column":2}},"16":{"start":{"line":30,"column":4},"end":{"line":30,"column":68}},"17":{"start":{"line":30,"column":27},"end":{"line":30,"column":67}},"18":{"start":{"line":34,"column":0},"end":{"line":37,"column":2}}},"fnMap":{"0":{"name":"(anonymous_0)","decl":{"start":{"line":18,"column":13},"end":{"line":18,"column":14}},"loc":{"start":{"line":18,"column":27},"end":{"line":23,"column":1}},"line":18},"1":{"name":"start","decl":{"start":{"line":29,"column":9},"end":{"line":29,"column":14}},"loc":{"start":{"line":29,"column":21},"end":{"line":31,"column":1}},"line":29},"2":{"name":"(anonymous_2)","decl":{"start":{"line":30,"column":21},"end":{"line":30,"column":22}},"loc":{"start":{"line":30,"column":27},"end":{"line":30,"column":67}},"line":30}},"branchMap":{},"s":{"0":1,"1":1,"2":1,"3":1,"4":1,"5":1,"6":1,"7":1,"8":1,"9":1,"10":1,"11":1,"12":1,"13":1,"14":1,"15":0,"16":0,"17":0,"18":1},"f":{"0":0,"1":0,"2":0},"b":{},"_coverageSchema":"1a1c01bbd47fc00a2c39e90264f33305004495a9","hash":"f8745ff8643c697e2de8ab13d8e6bdc6dd619548"}
,"/home/omar/Authproject401/401-whiteboard-backend/collections/user-comment-routes.js": {"path":"/home/omar/Authproject401/401-whiteboard-backend/collections/user-comment-routes.js","statementMap":{"0":{"start":{"line":5,"column":4},"end":{"line":5,"column":23}},"1":{"start":{"line":9,"column":4},"end":{"line":13,"column":5}},"2":{"start":{"line":10,"column":6},"end":{"line":10,"column":42}},"3":{"start":{"line":12,"column":6},"end":{"line":12,"column":58}},"4":{"start":{"line":17,"column":4},"end":{"line":25,"column":5}},"5":{"start":{"line":18,"column":6},"end":{"line":22,"column":7}},"6":{"start":{"line":19,"column":8},"end":{"line":19,"column":63}},"7":{"start":{"line":21,"column":8},"end":{"line":21,"column":42}},"8":{"start":{"line":24,"column":6},"end":{"line":24,"column":57}},"9":{"start":{"line":29,"column":4},"end":{"line":34,"column":5}},"10":{"start":{"line":30,"column":23},"end":{"line":30,"column":70}},"11":{"start":{"line":31,"column":6},"end":{"line":31,"column":40}},"12":{"start":{"line":33,"column":6},"end":{"line":33,"column":46}},"13":{"start":{"line":38,"column":4},"end":{"line":43,"column":5}},"14":{"start":{"line":40,"column":6},"end":{"line":40,"column":61}},"15":{"start":{"line":42,"column":6},"end":{"line":42,"column":69}},"16":{"start":{"line":47,"column":4},"end":{"line":51,"column":5}},"17":{"start":{"line":48,"column":6},"end":{"line":48,"column":62}},"18":{"start":{"line":50,"column":6},"end":{"line":50,"column":85}},"19":{"start":{"line":55,"column":0},"end":{"line":55,"column":35}}},"fnMap":{"0":{"name":"(anonymous_0)","decl":{"start":{"line":4,"column":2},"end":{"line":4,"column":3}},"loc":{"start":{"line":4,"column":21},"end":{"line":6,"column":3}},"line":4},"1":{"name":"(anonymous_1)","decl":{"start":{"line":8,"column":2},"end":{"line":8,"column":3}},"loc":{"start":{"line":8,"column":20},"end":{"line":14,"column":3}},"line":8},"2":{"name":"(anonymous_2)","decl":{"start":{"line":16,"column":2},"end":{"line":16,"column":3}},"loc":{"start":{"line":16,"column":17},"end":{"line":26,"column":3}},"line":16},"3":{"name":"(anonymous_3)","decl":{"start":{"line":28,"column":2},"end":{"line":28,"column":3}},"loc":{"start":{"line":28,"column":24},"end":{"line":35,"column":3}},"line":28},"4":{"name":"(anonymous_4)","decl":{"start":{"line":37,"column":2},"end":{"line":37,"column":3}},"loc":{"start":{"line":37,"column":19},"end":{"line":44,"column":3}},"line":37},"5":{"name":"(anonymous_5)","decl":{"start":{"line":46,"column":2},"end":{"line":46,"column":3}},"loc":{"start":{"line":46,"column":33},"end":{"line":52,"column":3}},"line":46}},"branchMap":{"0":{"loc":{"start":{"line":18,"column":6},"end":{"line":22,"column":7}},"type":"if","locations":[{"start":{"line":18,"column":6},"end":{"line":22,"column":7}},{"start":{"line":20,"column":13},"end":{"line":22,"column":7}}],"line":18}},"s":{"0":2,"1":2,"2":2,"3":2,"4":4,"5":4,"6":2,"7":2,"8":4,"9":2,"10":2,"11":0,"12":2,"13":2,"14":2,"15":2,"16":0,"17":0,"18":0,"19":1},"f":{"0":2,"1":2,"2":4,"3":2,"4":2,"5":0},"b":{"0":[2,2]},"_coverageSchema":"1a1c01bbd47fc00a2c39e90264f33305004495a9","hash":"ea7f2e23bd8187c063bb0c75e351eeb269c7fc00"}
,"/home/omar/Authproject401/401-whiteboard-backend/controllers/userControllers.js": {"path":"/home/omar/Authproject401/401-whiteboard-backend/controllers/userControllers.js","statementMap":{"0":{"start":{"line":2,"column":15},"end":{"line":2,"column":32}},"1":{"start":{"line":3,"column":15},"end":{"line":3,"column":33}},"2":{"start":{"line":5,"column":13},"end":{"line":5,"column":39}},"3":{"start":{"line":7,"column":15},"end":{"line":31,"column":1}},"4":{"start":{"line":8,"column":2},"end":{"line":30,"column":3}},"5":{"start":{"line":9,"column":42},"end":{"line":9,"column":50}},"6":{"start":{"line":11,"column":4},"end":{"line":15,"column":5}},"7":{"start":{"line":12,"column":6},"end":{"line":14,"column":8}},"8":{"start":{"line":17,"column":17},"end":{"line":21,"column":5}},"9":{"start":{"line":23,"column":17},"end":{"line":23,"column":40}},"10":{"start":{"line":25,"column":4},"end":{"line":27,"column":5}},"11":{"start":{"line":26,"column":6},"end":{"line":26,"column":32}},"12":{"start":{"line":29,"column":4},"end":{"line":29,"column":18}},"13":{"start":{"line":33,"column":14},"end":{"line":55,"column":1}},"14":{"start":{"line":34,"column":22},"end":{"line":34,"column":58}},"15":{"start":{"line":35,"column":23},"end":{"line":35,"column":40}},"16":{"start":{"line":36,"column":23},"end":{"line":36,"column":50}},"17":{"start":{"line":38,"column":28},"end":{"line":38,"column":51}},"18":{"start":{"line":39,"column":15},"end":{"line":41,"column":5}},"19":{"start":{"line":44,"column":2},"end":{"line":54,"column":3}},"20":{"start":{"line":45,"column":19},"end":{"line":45,"column":64}},"21":{"start":{"line":47,"column":4},"end":{"line":51,"column":5}},"22":{"start":{"line":48,"column":6},"end":{"line":48,"column":39}},"23":{"start":{"line":50,"column":6},"end":{"line":50,"column":60}},"24":{"start":{"line":53,"column":4},"end":{"line":53,"column":58}},"25":{"start":{"line":57,"column":16},"end":{"line":60,"column":1}},"26":{"start":{"line":58,"column":16},"end":{"line":58,"column":36}},"27":{"start":{"line":59,"column":2},"end":{"line":59,"column":18}},"28":{"start":{"line":64,"column":14},"end":{"line":64,"column":45}},"29":{"start":{"line":65,"column":16},"end":{"line":65,"column":21}},"30":{"start":{"line":66,"column":2},"end":{"line":66,"column":15}},"31":{"start":{"line":69,"column":0},"end":{"line":74,"column":1}}},"fnMap":{"0":{"name":"(anonymous_0)","decl":{"start":{"line":7,"column":15},"end":{"line":7,"column":16}},"loc":{"start":{"line":7,"column":35},"end":{"line":31,"column":1}},"line":7},"1":{"name":"(anonymous_1)","decl":{"start":{"line":33,"column":14},"end":{"line":33,"column":15}},"loc":{"start":{"line":33,"column":34},"end":{"line":55,"column":1}},"line":33},"2":{"name":"(anonymous_2)","decl":{"start":{"line":57,"column":16},"end":{"line":57,"column":17}},"loc":{"start":{"line":57,"column":36},"end":{"line":60,"column":1}},"line":57},"3":{"name":"isUserNameValid","decl":{"start":{"line":62,"column":9},"end":{"line":62,"column":24}},"loc":{"start":{"line":62,"column":35},"end":{"line":67,"column":1}},"line":62}},"branchMap":{"0":{"loc":{"start":{"line":11,"column":4},"end":{"line":15,"column":5}},"type":"if","locations":[{"start":{"line":11,"column":4},"end":{"line":15,"column":5}},{"start":{},"end":{}}],"line":11},"1":{"loc":{"start":{"line":25,"column":4},"end":{"line":27,"column":5}},"type":"if","locations":[{"start":{"line":25,"column":4},"end":{"line":27,"column":5}},{"start":{},"end":{}}],"line":25},"2":{"loc":{"start":{"line":44,"column":2},"end":{"line":54,"column":3}},"type":"if","locations":[{"start":{"line":44,"column":2},"end":{"line":54,"column":3}},{"start":{"line":52,"column":9},"end":{"line":54,"column":3}}],"line":44},"3":{"loc":{"start":{"line":47,"column":4},"end":{"line":51,"column":5}},"type":"if","locations":[{"start":{"line":47,"column":4},"end":{"line":51,"column":5}},{"start":{"line":49,"column":11},"end":{"line":51,"column":5}}],"line":47}},"s":{"0":1,"1":1,"2":1,"3":1,"4":0,"5":0,"6":0,"7":0,"8":0,"9":0,"10":0,"11":0,"12":0,"13":1,"14":0,"15":0,"16":0,"17":0,"18":0,"19":0,"20":0,"21":0,"22":0,"23":0,"24":0,"25":1,"26":0,"27":0,"28":0,"29":0,"30":0,"31":1},"f":{"0":0,"1":0,"2":0,"3":0},"b":{"0":[0,0],"1":[0,0],"2":[0,0],"3":[0,0]},"_coverageSchema":"1a1c01bbd47fc00a2c39e90264f33305004495a9","hash":"a9ec51cd457e61ac3746633d3f051f1106dd7612"}
,"/home/omar/Authproject401/401-whiteboard-backend/error-handlers/404.js": {"path":"/home/omar/Authproject401/401-whiteboard-backend/error-handlers/404.js","statementMap":{"0":{"start":{"line":3,"column":0},"end":{"line":9,"column":2}},"1":{"start":{"line":4,"column":4},"end":{"line":7,"column":7}},"2":{"start":{"line":8,"column":0},"end":{"line":8,"column":7}}},"fnMap":{"0":{"name":"(anonymous_0)","decl":{"start":{"line":3,"column":17},"end":{"line":3,"column":18}},"loc":{"start":{"line":3,"column":42},"end":{"line":9,"column":1}},"line":3}},"branchMap":{"0":{"loc":{"start":{"line":6,"column":36},"end":{"line":6,"column":54}},"type":"binary-expr","locations":[{"start":{"line":6,"column":36},"end":{"line":6,"column":47}},{"start":{"line":6,"column":51},"end":{"line":6,"column":54}}],"line":6}},"s":{"0":1,"1":0,"2":0},"f":{"0":0},"b":{"0":[0,0]},"_coverageSchema":"1a1c01bbd47fc00a2c39e90264f33305004495a9","hash":"98009ffc4d848df881432a51881183b9d163b5e1"}
,"/home/omar/Authproject401/401-whiteboard-backend/error-handlers/500.js": {"path":"/home/omar/Authproject401/401-whiteboard-backend/error-handlers/500.js","statementMap":{"0":{"start":{"line":3,"column":0},"end":{"line":9,"column":2}},"1":{"start":{"line":4,"column":4},"end":{"line":7,"column":7}}},"fnMap":{"0":{"name":"(anonymous_0)","decl":{"start":{"line":3,"column":17},"end":{"line":3,"column":18}},"loc":{"start":{"line":3,"column":42},"end":{"line":9,"column":1}},"line":3}},"branchMap":{"0":{"loc":{"start":{"line":6,"column":34},"end":{"line":6,"column":52}},"type":"binary-expr","locations":[{"start":{"line":6,"column":34},"end":{"line":6,"column":45}},{"start":{"line":6,"column":49},"end":{"line":6,"column":52}}],"line":6}},"s":{"0":1,"1":0},"f":{"0":0},"b":{"0":[0,0]},"_coverageSchema":"1a1c01bbd47fc00a2c39e90264f33305004495a9","hash":"6f45952a1c84e7da502febad3f8b809770827cc3"}
,"/home/omar/Authproject401/401-whiteboard-backend/middlewares/bearerAuth.js": {"path":"/home/omar/Authproject401/401-whiteboard-backend/middlewares/bearerAuth.js","statementMap":{"0":{"start":{"line":3,"column":18},"end":{"line":3,"column":38}},"1":{"start":{"line":5,"column":0},"end":{"line":29,"column":1}},"2":{"start":{"line":6,"column":2},"end":{"line":6,"column":44}},"3":{"start":{"line":7,"column":2},"end":{"line":9,"column":3}},"4":{"start":{"line":7,"column":35},"end":{"line":9,"column":3}},"5":{"start":{"line":11,"column":16},"end":{"line":11,"column":58}},"6":{"start":{"line":13,"column":2},"end":{"line":28,"column":3}},"7":{"start":{"line":14,"column":22},"end":{"line":14,"column":52}},"8":{"start":{"line":16,"column":21},"end":{"line":16,"column":81}},"9":{"start":{"line":17,"column":4},"end":{"line":24,"column":5}},"10":{"start":{"line":18,"column":6},"end":{"line":18,"column":26}},"11":{"start":{"line":19,"column":6},"end":{"line":19,"column":32}},"12":{"start":{"line":21,"column":6},"end":{"line":21,"column":13}},"13":{"start":{"line":23,"column":6},"end":{"line":23,"column":46}},"14":{"start":{"line":27,"column":4},"end":{"line":27,"column":24}}},"fnMap":{"0":{"name":"(anonymous_0)","decl":{"start":{"line":5,"column":17},"end":{"line":5,"column":18}},"loc":{"start":{"line":5,"column":43},"end":{"line":29,"column":1}},"line":5}},"branchMap":{"0":{"loc":{"start":{"line":7,"column":2},"end":{"line":9,"column":3}},"type":"if","locations":[{"start":{"line":7,"column":2},"end":{"line":9,"column":3}},{"start":{},"end":{}}],"line":7},"1":{"loc":{"start":{"line":17,"column":4},"end":{"line":24,"column":5}},"type":"if","locations":[{"start":{"line":17,"column":4},"end":{"line":24,"column":5}},{"start":{"line":22,"column":11},"end":{"line":24,"column":5}}],"line":17},"2":{"loc":{"start":{"line":27,"column":9},"end":{"line":27,"column":23}},"type":"binary-expr","locations":[{"start":{"line":27,"column":9},"end":{"line":27,"column":18}},{"start":{"line":27,"column":22},"end":{"line":27,"column":23}}],"line":27}},"s":{"0":1,"1":1,"2":0,"3":0,"4":0,"5":0,"6":0,"7":0,"8":0,"9":0,"10":0,"11":0,"12":0,"13":0,"14":0},"f":{"0":0},"b":{"0":[0,0],"1":[0,0],"2":[0,0]},"_coverageSchema":"1a1c01bbd47fc00a2c39e90264f33305004495a9","hash":"ce208104c218183bfd2b4839945f08793ebfdacb"}
,"/home/omar/Authproject401/401-whiteboard-backend/middlewares/userAuth.js": {"path":"/home/omar/Authproject401/401-whiteboard-backend/middlewares/userAuth.js","statementMap":{"0":{"start":{"line":3,"column":13},"end":{"line":3,"column":39}},"1":{"start":{"line":5,"column":17},"end":{"line":35,"column":1}},"2":{"start":{"line":6,"column":2},"end":{"line":33,"column":3}},"3":{"start":{"line":8,"column":21},"end":{"line":12,"column":6}},"4":{"start":{"line":14,"column":4},"end":{"line":16,"column":5}},"5":{"start":{"line":15,"column":6},"end":{"line":15,"column":59}},"6":{"start":{"line":19,"column":18},"end":{"line":23,"column":6}},"7":{"start":{"line":25,"column":4},"end":{"line":27,"column":5}},"8":{"start":{"line":26,"column":6},"end":{"line":26,"column":56}},"9":{"start":{"line":29,"column":4},"end":{"line":29,"column":11}},"10":{"start":{"line":32,"column":4},"end":{"line":32,"column":18}},"11":{"start":{"line":37,"column":0},"end":{"line":39,"column":1}}},"fnMap":{"0":{"name":"(anonymous_0)","decl":{"start":{"line":5,"column":17},"end":{"line":5,"column":18}},"loc":{"start":{"line":5,"column":43},"end":{"line":35,"column":1}},"line":5}},"branchMap":{"0":{"loc":{"start":{"line":14,"column":4},"end":{"line":16,"column":5}},"type":"if","locations":[{"start":{"line":14,"column":4},"end":{"line":16,"column":5}},{"start":{},"end":{}}],"line":14},"1":{"loc":{"start":{"line":25,"column":4},"end":{"line":27,"column":5}},"type":"if","locations":[{"start":{"line":25,"column":4},"end":{"line":27,"column":5}},{"start":{},"end":{}}],"line":25}},"s":{"0":1,"1":1,"2":0,"3":0,"4":0,"5":0,"6":0,"7":0,"8":0,"9":0,"10":0,"11":1},"f":{"0":0},"b":{"0":[0,0],"1":[0,0]},"_coverageSchema":"1a1c01bbd47fc00a2c39e90264f33305004495a9","hash":"c4f2687d5f794341b13aac5caa2a1cd60e05fd7f"}
,"/home/omar/Authproject401/401-whiteboard-backend/models/comment.model.js": {"path":"/home/omar/Authproject401/401-whiteboard-backend/models/comment.model.js","statementMap":{"0":{"start":{"line":3,"column":16},"end":{"line":20,"column":2}},"1":{"start":{"line":3,"column":42},"end":{"line":20,"column":2}},"2":{"start":{"line":22,"column":0},"end":{"line":22,"column":25}}},"fnMap":{"0":{"name":"(anonymous_0)","decl":{"start":{"line":3,"column":16},"end":{"line":3,"column":17}},"loc":{"start":{"line":3,"column":42},"end":{"line":20,"column":2}},"line":3}},"branchMap":{},"s":{"0":1,"1":1,"2":1},"f":{"0":1},"b":{},"_coverageSchema":"1a1c01bbd47fc00a2c39e90264f33305004495a9","hash":"bcfa03ddd3f297a1a23c9b55cdc6bd1c55874d1a"}
,"/home/omar/Authproject401/401-whiteboard-backend/models/index.js": {"path":"/home/omar/Authproject401/401-whiteboard-backend/models/index.js","statementMap":{"0":{"start":{"line":3,"column":31},"end":{"line":3,"column":51}},"1":{"start":{"line":4,"column":13},"end":{"line":4,"column":36}},"2":{"start":{"line":6,"column":16},"end":{"line":6,"column":42}},"3":{"start":{"line":7,"column":19},"end":{"line":7,"column":64}},"4":{"start":{"line":8,"column":21},"end":{"line":8,"column":97}},"5":{"start":{"line":11,"column":24},"end":{"line":20,"column":3}},"6":{"start":{"line":22,"column":16},"end":{"line":22,"column":60}},"7":{"start":{"line":24,"column":0},"end":{"line":28,"column":3}},"8":{"start":{"line":25,"column":2},"end":{"line":25,"column":48}},"9":{"start":{"line":27,"column":2},"end":{"line":27,"column":18}},"10":{"start":{"line":29,"column":11},"end":{"line":29,"column":13}},"11":{"start":{"line":30,"column":0},"end":{"line":30,"column":25}},"12":{"start":{"line":31,"column":0},"end":{"line":31,"column":57}},"13":{"start":{"line":34,"column":16},"end":{"line":34,"column":42}},"14":{"start":{"line":35,"column":19},"end":{"line":35,"column":48}},"15":{"start":{"line":37,"column":0},"end":{"line":37,"column":72}},"16":{"start":{"line":38,"column":0},"end":{"line":38,"column":75}},"17":{"start":{"line":40,"column":0},"end":{"line":40,"column":71}},"18":{"start":{"line":41,"column":0},"end":{"line":41,"column":74}},"19":{"start":{"line":43,"column":0},"end":{"line":43,"column":68}},"20":{"start":{"line":44,"column":0},"end":{"line":44,"column":71}},"21":{"start":{"line":46,"column":23},"end":{"line":46,"column":48}},"22":{"start":{"line":47,"column":26},"end":{"line":47,"column":54}},"23":{"start":{"line":50,"column":0},"end":{"line":56,"column":1}}},"fnMap":{"0":{"name":"(anonymous_0)","decl":{"start":{"line":24,"column":30},"end":{"line":24,"column":31}},"loc":{"start":{"line":24,"column":36},"end":{"line":26,"column":1}},"line":24},"1":{"name":"(anonymous_1)","decl":{"start":{"line":26,"column":9},"end":{"line":26,"column":10}},"loc":{"start":{"line":26,"column":18},"end":{"line":28,"column":1}},"line":26}},"branchMap":{"0":{"loc":{"start":{"line":8,"column":21},"end":{"line":8,"column":97}},"type":"binary-expr","locations":[{"start":{"line":8,"column":21},"end":{"line":8,"column":45}},{"start":{"line":8,"column":49},"end":{"line":8,"column":97}}],"line":8}},"s":{"0":1,"1":1,"2":1,"3":1,"4":1,"5":1,"6":1,"7":1,"8":0,"9":1,"10":1,"11":1,"12":1,"13":1,"14":1,"15":1,"16":1,"17":1,"18":1,"19":1,"20":1,"21":1,"22":1,"23":1},"f":{"0":0,"1":1},"b":{"0":[1,1]},"_coverageSchema":"1a1c01bbd47fc00a2c39e90264f33305004495a9","hash":"cf374c9c8c7b2540df946f77526c3cac4f2d9dc9"}
,"/home/omar/Authproject401/401-whiteboard-backend/models/post.model.js": {"path":"/home/omar/Authproject401/401-whiteboard-backend/models/post.model.js","statementMap":{"0":{"start":{"line":3,"column":13},"end":{"line":20,"column":2}},"1":{"start":{"line":3,"column":39},"end":{"line":20,"column":2}},"2":{"start":{"line":22,"column":0},"end":{"line":22,"column":22}}},"fnMap":{"0":{"name":"(anonymous_0)","decl":{"start":{"line":3,"column":13},"end":{"line":3,"column":14}},"loc":{"start":{"line":3,"column":39},"end":{"line":20,"column":2}},"line":3}},"branchMap":{},"s":{"0":1,"1":1,"2":1},"f":{"0":1},"b":{},"_coverageSchema":"1a1c01bbd47fc00a2c39e90264f33305004495a9","hash":"7fffa3464eabce2020cbe2e478bb39ce1ddeb159"}
,"/home/omar/Authproject401/401-whiteboard-backend/models/user.model.js": {"path":"/home/omar/Authproject401/401-whiteboard-backend/models/user.model.js","statementMap":{"0":{"start":{"line":3,"column":12},"end":{"line":3,"column":35}},"1":{"start":{"line":5,"column":0},"end":{"line":45,"column":1}},"2":{"start":{"line":6,"column":15},"end":{"line":33,"column":4}},"3":{"start":{"line":25,"column":8},"end":{"line":27,"column":33}},"4":{"start":{"line":30,"column":8},"end":{"line":30,"column":60}},"5":{"start":{"line":35,"column":2},"end":{"line":43,"column":3}},"6":{"start":{"line":36,"column":4},"end":{"line":42,"column":6}},"7":{"start":{"line":37,"column":6},"end":{"line":41,"column":7}},"8":{"start":{"line":38,"column":8},"end":{"line":38,"column":21}},"9":{"start":{"line":40,"column":8},"end":{"line":40,"column":23}},"10":{"start":{"line":44,"column":2},"end":{"line":44,"column":14}}},"fnMap":{"0":{"name":"(anonymous_0)","decl":{"start":{"line":5,"column":17},"end":{"line":5,"column":18}},"loc":{"start":{"line":5,"column":43},"end":{"line":45,"column":1}},"line":5},"1":{"name":"(anonymous_1)","decl":{"start":{"line":24,"column":11},"end":{"line":24,"column":12}},"loc":{"start":{"line":24,"column":23},"end":{"line":28,"column":7}},"line":24},"2":{"name":"(anonymous_2)","decl":{"start":{"line":29,"column":6},"end":{"line":29,"column":7}},"loc":{"start":{"line":29,"column":23},"end":{"line":31,"column":7}},"line":29},"3":{"name":"(anonymous_3)","decl":{"start":{"line":35,"column":27},"end":{"line":35,"column":28}},"loc":{"start":{"line":35,"column":36},"end":{"line":43,"column":3}},"line":35},"4":{"name":"(anonymous_4)","decl":{"start":{"line":36,"column":53},"end":{"line":36,"column":54}},"loc":{"start":{"line":36,"column":73},"end":{"line":42,"column":5}},"line":36}},"branchMap":{"0":{"loc":{"start":{"line":37,"column":6},"end":{"line":41,"column":7}},"type":"if","locations":[{"start":{"line":37,"column":6},"end":{"line":41,"column":7}},{"start":{"line":39,"column":13},"end":{"line":41,"column":7}}],"line":37}},"s":{"0":1,"1":1,"2":1,"3":0,"4":0,"5":1,"6":0,"7":0,"8":0,"9":0,"10":1},"f":{"0":1,"1":0,"2":0,"3":0,"4":0},"b":{"0":[0,0]},"_coverageSchema":"1a1c01bbd47fc00a2c39e90264f33305004495a9","hash":"fef1ed5472c60bd466b852fa272c70e584d566c2"}
,"/home/omar/Authproject401/401-whiteboard-backend/routes/comment.route.js": {"path":"/home/omar/Authproject401/401-whiteboard-backend/routes/comment.route.js","statementMap":{"0":{"start":{"line":3,"column":16},"end":{"line":3,"column":34}},"1":{"start":{"line":4,"column":15},"end":{"line":4,"column":31}},"2":{"start":{"line":6,"column":20},"end":{"line":6,"column":46}},"3":{"start":{"line":8,"column":0},"end":{"line":8,"column":35}},"4":{"start":{"line":9,"column":0},"end":{"line":9,"column":39}},"5":{"start":{"line":10,"column":0},"end":{"line":10,"column":45}},"6":{"start":{"line":11,"column":0},"end":{"line":11,"column":42}},"7":{"start":{"line":12,"column":0},"end":{"line":12,"column":42}},"8":{"start":{"line":15,"column":16},"end":{"line":15,"column":36}},"9":{"start":{"line":16,"column":2},"end":{"line":18,"column":5}},"10":{"start":{"line":22,"column":13},"end":{"line":22,"column":26}},"11":{"start":{"line":23,"column":2},"end":{"line":23,"column":17}},"12":{"start":{"line":24,"column":22},"end":{"line":24,"column":44}},"13":{"start":{"line":25,"column":2},"end":{"line":25,"column":42}},"14":{"start":{"line":29,"column":19},"end":{"line":29,"column":27}},"15":{"start":{"line":30,"column":16},"end":{"line":30,"column":48}},"16":{"start":{"line":31,"column":2},"end":{"line":31,"column":32}},"17":{"start":{"line":35,"column":13},"end":{"line":35,"column":26}},"18":{"start":{"line":36,"column":23},"end":{"line":36,"column":47}},"19":{"start":{"line":37,"column":2},"end":{"line":37,"column":43}},"20":{"start":{"line":41,"column":13},"end":{"line":41,"column":26}},"21":{"start":{"line":42,"column":14},"end":{"line":42,"column":22}},"22":{"start":{"line":43,"column":25},"end":{"line":43,"column":53}},"23":{"start":{"line":44,"column":2},"end":{"line":44,"column":39}},"24":{"start":{"line":47,"column":0},"end":{"line":47,"column":24}}},"fnMap":{"0":{"name":"getComment","decl":{"start":{"line":14,"column":15},"end":{"line":14,"column":25}},"loc":{"start":{"line":14,"column":36},"end":{"line":19,"column":1}},"line":14},"1":{"name":"getOneComment","decl":{"start":{"line":21,"column":15},"end":{"line":21,"column":28}},"loc":{"start":{"line":21,"column":39},"end":{"line":26,"column":1}},"line":21},"2":{"name":"createComment","decl":{"start":{"line":28,"column":15},"end":{"line":28,"column":28}},"loc":{"start":{"line":28,"column":39},"end":{"line":32,"column":1}},"line":28},"3":{"name":"deleteComment","decl":{"start":{"line":34,"column":15},"end":{"line":34,"column":28}},"loc":{"start":{"line":34,"column":39},"end":{"line":38,"column":1}},"line":34},"4":{"name":"updateComment","decl":{"start":{"line":40,"column":15},"end":{"line":40,"column":28}},"loc":{"start":{"line":40,"column":39},"end":{"line":45,"column":1}},"line":40}},"branchMap":{},"s":{"0":1,"1":1,"2":1,"3":1,"4":1,"5":1,"6":1,"7":1,"8":1,"9":1,"10":1,"11":1,"12":1,"13":1,"14":1,"15":1,"16":1,"17":1,"18":1,"19":1,"20":1,"21":1,"22":1,"23":1,"24":1},"f":{"0":1,"1":1,"2":1,"3":1,"4":1},"b":{},"_coverageSchema":"1a1c01bbd47fc00a2c39e90264f33305004495a9","hash":"7cd229699f1f84ad59bb52cb08c7fbb5f06ecff9"}
,"/home/omar/Authproject401/401-whiteboard-backend/routes/post.route.js": {"path":"/home/omar/Authproject401/401-whiteboard-backend/routes/post.route.js","statementMap":{"0":{"start":{"line":3,"column":16},"end":{"line":3,"column":34}},"1":{"start":{"line":4,"column":15},"end":{"line":4,"column":31}},"2":{"start":{"line":6,"column":40},"end":{"line":6,"column":66}},"3":{"start":{"line":8,"column":0},"end":{"line":8,"column":29}},"4":{"start":{"line":9,"column":0},"end":{"line":9,"column":33}},"5":{"start":{"line":10,"column":0},"end":{"line":10,"column":39}},"6":{"start":{"line":11,"column":0},"end":{"line":11,"column":36}},"7":{"start":{"line":12,"column":0},"end":{"line":12,"column":36}},"8":{"start":{"line":13,"column":0},"end":{"line":13,"column":46}},"9":{"start":{"line":16,"column":13},"end":{"line":16,"column":30}},"10":{"start":{"line":17,"column":2},"end":{"line":19,"column":5}},"11":{"start":{"line":23,"column":13},"end":{"line":23,"column":26}},"12":{"start":{"line":25,"column":19},"end":{"line":25,"column":38}},"13":{"start":{"line":26,"column":2},"end":{"line":26,"column":39}},"14":{"start":{"line":30,"column":16},"end":{"line":30,"column":24}},"15":{"start":{"line":31,"column":13},"end":{"line":31,"column":39}},"16":{"start":{"line":32,"column":2},"end":{"line":32,"column":29}},"17":{"start":{"line":36,"column":13},"end":{"line":36,"column":26}},"18":{"start":{"line":38,"column":20},"end":{"line":38,"column":41}},"19":{"start":{"line":39,"column":2},"end":{"line":39,"column":35}},"20":{"start":{"line":43,"column":13},"end":{"line":43,"column":26}},"21":{"start":{"line":44,"column":14},"end":{"line":44,"column":22}},"22":{"start":{"line":46,"column":22},"end":{"line":46,"column":48}},"23":{"start":{"line":47,"column":2},"end":{"line":47,"column":36}},"24":{"start":{"line":51,"column":22},"end":{"line":51,"column":62}},"25":{"start":{"line":52,"column":2},"end":{"line":52,"column":36}},"26":{"start":{"line":55,"column":0},"end":{"line":55,"column":24}}},"fnMap":{"0":{"name":"getPost","decl":{"start":{"line":15,"column":15},"end":{"line":15,"column":22}},"loc":{"start":{"line":15,"column":33},"end":{"line":20,"column":1}},"line":15},"1":{"name":"getOnePost","decl":{"start":{"line":22,"column":15},"end":{"line":22,"column":25}},"loc":{"start":{"line":22,"column":36},"end":{"line":27,"column":1}},"line":22},"2":{"name":"createPost","decl":{"start":{"line":29,"column":15},"end":{"line":29,"column":25}},"loc":{"start":{"line":29,"column":36},"end":{"line":33,"column":1}},"line":29},"3":{"name":"deletePost","decl":{"start":{"line":35,"column":15},"end":{"line":35,"column":25}},"loc":{"start":{"line":35,"column":36},"end":{"line":40,"column":1}},"line":35},"4":{"name":"updatePost","decl":{"start":{"line":42,"column":15},"end":{"line":42,"column":25}},"loc":{"start":{"line":42,"column":36},"end":{"line":48,"column":1}},"line":42},"5":{"name":"getPostComment","decl":{"start":{"line":50,"column":15},"end":{"line":50,"column":29}},"loc":{"start":{"line":50,"column":40},"end":{"line":53,"column":1}},"line":50}},"branchMap":{},"s":{"0":1,"1":1,"2":1,"3":1,"4":1,"5":1,"6":1,"7":1,"8":1,"9":1,"10":1,"11":1,"12":1,"13":1,"14":1,"15":1,"16":1,"17":1,"18":1,"19":1,"20":1,"21":1,"22":1,"23":1,"24":0,"25":0,"26":1},"f":{"0":1,"1":1,"2":1,"3":1,"4":1,"5":0},"b":{},"_coverageSchema":"1a1c01bbd47fc00a2c39e90264f33305004495a9","hash":"7c046ae6c2ce26cb861d4e4bfb1d99e242f9ae32"}
,"/home/omar/Authproject401/401-whiteboard-backend/routes/user.routes.js": {"path":"/home/omar/Authproject401/401-whiteboard-backend/routes/user.routes.js","statementMap":{"0":{"start":{"line":3,"column":35},"end":{"line":3,"column":76}},"1":{"start":{"line":4,"column":17},"end":{"line":4,"column":51}},"2":{"start":{"line":5,"column":19},"end":{"line":5,"column":55}},"3":{"start":{"line":6,"column":15},"end":{"line":6,"column":42}},"4":{"start":{"line":8,"column":0},"end":{"line":8,"column":29}},"5":{"start":{"line":9,"column":0},"end":{"line":9,"column":49}},"6":{"start":{"line":10,"column":0},"end":{"line":10,"column":41}},"7":{"start":{"line":12,"column":0},"end":{"line":12,"column":24}}},"fnMap":{},"branchMap":{},"s":{"0":1,"1":1,"2":1,"3":1,"4":1,"5":1,"6":1,"7":1},"f":{},"b":{},"_coverageSchema":"1a1c01bbd47fc00a2c39e90264f33305004495a9","hash":"deedd23bdb2899171f3ac75a9c43bb650ab5a38e"}
}
