{"/home/omar/401-whiteboard-backend/server.js": {"path":"/home/omar/401-whiteboard-backend/server.js","statementMap":{"0":{"start":{"line":3,"column":16},"end":{"line":3,"column":34}},"1":{"start":{"line":4,"column":13},"end":{"line":4,"column":28}},"2":{"start":{"line":5,"column":12},"end":{"line":5,"column":21}},"3":{"start":{"line":6,"column":21},"end":{"line":6,"column":52}},"4":{"start":{"line":7,"column":19},"end":{"line":7,"column":49}},"5":{"start":{"line":8,"column":0},"end":{"line":8,"column":15}},"6":{"start":{"line":9,"column":0},"end":{"line":9,"column":23}},"7":{"start":{"line":10,"column":0},"end":{"line":10,"column":19}},"8":{"start":{"line":12,"column":0},"end":{"line":17,"column":2}},"9":{"start":{"line":13,"column":0},"end":{"line":16,"column":2}},"10":{"start":{"line":19,"column":0},"end":{"line":19,"column":22}},"11":{"start":{"line":22,"column":4},"end":{"line":22,"column":68}},"12":{"start":{"line":22,"column":27},"end":{"line":22,"column":67}},"13":{"start":{"line":26,"column":0},"end":{"line":29,"column":2}}},"fnMap":{"0":{"name":"(anonymous_0)","decl":{"start":{"line":12,"column":13},"end":{"line":12,"column":14}},"loc":{"start":{"line":12,"column":27},"end":{"line":17,"column":1}},"line":12},"1":{"name":"start","decl":{"start":{"line":21,"column":9},"end":{"line":21,"column":14}},"loc":{"start":{"line":21,"column":21},"end":{"line":23,"column":1}},"line":21},"2":{"name":"(anonymous_2)","decl":{"start":{"line":22,"column":21},"end":{"line":22,"column":22}},"loc":{"start":{"line":22,"column":27},"end":{"line":22,"column":67}},"line":22}},"branchMap":{},"s":{"0":1,"1":1,"2":1,"3":1,"4":1,"5":1,"6":1,"7":1,"8":1,"9":0,"10":1,"11":0,"12":0,"13":1},"f":{"0":0,"1":0,"2":0},"b":{},"_coverageSchema":"1a1c01bbd47fc00a2c39e90264f33305004495a9","hash":"677d2151bbf6fbd5f5f7ac29ff17e6bbc188999c"}
,"/home/omar/401-whiteboard-backend/error-handlers/500.js": {"path":"/home/omar/401-whiteboard-backend/error-handlers/500.js","statementMap":{"0":{"start":{"line":3,"column":0},"end":{"line":9,"column":2}},"1":{"start":{"line":4,"column":4},"end":{"line":7,"column":7}},"2":{"start":{"line":8,"column":0},"end":{"line":8,"column":7}}},"fnMap":{"0":{"name":"(anonymous_0)","decl":{"start":{"line":3,"column":17},"end":{"line":3,"column":18}},"loc":{"start":{"line":3,"column":42},"end":{"line":9,"column":1}},"line":3}},"branchMap":{"0":{"loc":{"start":{"line":6,"column":34},"end":{"line":6,"column":52}},"type":"binary-expr","locations":[{"start":{"line":6,"column":34},"end":{"line":6,"column":45}},{"start":{"line":6,"column":49},"end":{"line":6,"column":52}}],"line":6}},"s":{"0":1,"1":0,"2":0},"f":{"0":0},"b":{"0":[0,0]},"_coverageSchema":"1a1c01bbd47fc00a2c39e90264f33305004495a9","hash":"c8c19011d307b3a2c31e7c53263b1c94f5b3046b"}
,"/home/omar/401-whiteboard-backend/models/index.js": {"path":"/home/omar/401-whiteboard-backend/models/index.js","statementMap":{"0":{"start":{"line":3,"column":31},"end":{"line":3,"column":51}},"1":{"start":{"line":4,"column":13},"end":{"line":4,"column":36}},"2":{"start":{"line":6,"column":21},"end":{"line":6,"column":97}},"3":{"start":{"line":8,"column":16},"end":{"line":8,"column":43}},"4":{"start":{"line":10,"column":0},"end":{"line":13,"column":1}}},"fnMap":{},"branchMap":{"0":{"loc":{"start":{"line":6,"column":21},"end":{"line":6,"column":97}},"type":"binary-expr","locations":[{"start":{"line":6,"column":21},"end":{"line":6,"column":45}},{"start":{"line":6,"column":49},"end":{"line":6,"column":97}}],"line":6}},"s":{"0":1,"1":1,"2":1,"3":1,"4":1},"f":{},"b":{"0":[1,1]},"_coverageSchema":"1a1c01bbd47fc00a2c39e90264f33305004495a9","hash":"d0ae5d42b782cf954b572f4171bf7f31f6e50cc4"}
,"/home/omar/401-whiteboard-backend/models/post.model.js": {"path":"/home/omar/401-whiteboard-backend/models/post.model.js","statementMap":{"0":{"start":{"line":3,"column":13},"end":{"line":12,"column":2}},"1":{"start":{"line":3,"column":39},"end":{"line":12,"column":2}},"2":{"start":{"line":14,"column":0},"end":{"line":14,"column":22}}},"fnMap":{"0":{"name":"(anonymous_0)","decl":{"start":{"line":3,"column":13},"end":{"line":3,"column":14}},"loc":{"start":{"line":3,"column":39},"end":{"line":12,"column":2}},"line":3}},"branchMap":{},"s":{"0":1,"1":1,"2":1},"f":{"0":1},"b":{},"_coverageSchema":"1a1c01bbd47fc00a2c39e90264f33305004495a9","hash":"0765d3ee45977453f503d17e0cab3754b7d458ef"}
,"/home/omar/401-whiteboard-backend/routes/post.route.js": {"path":"/home/omar/401-whiteboard-backend/routes/post.route.js","statementMap":{"0":{"start":{"line":3,"column":16},"end":{"line":3,"column":34}},"1":{"start":{"line":4,"column":15},"end":{"line":4,"column":31}},"2":{"start":{"line":6,"column":17},"end":{"line":6,"column":43}},"3":{"start":{"line":8,"column":0},"end":{"line":8,"column":29}},"4":{"start":{"line":9,"column":0},"end":{"line":9,"column":33}},"5":{"start":{"line":10,"column":0},"end":{"line":10,"column":39}},"6":{"start":{"line":11,"column":0},"end":{"line":11,"column":36}},"7":{"start":{"line":12,"column":0},"end":{"line":12,"column":36}},"8":{"start":{"line":15,"column":13},"end":{"line":15,"column":33}},"9":{"start":{"line":16,"column":2},"end":{"line":18,"column":5}},"10":{"start":{"line":22,"column":13},"end":{"line":22,"column":26}},"11":{"start":{"line":24,"column":19},"end":{"line":26,"column":4}},"12":{"start":{"line":27,"column":2},"end":{"line":27,"column":39}},"13":{"start":{"line":31,"column":16},"end":{"line":31,"column":24}},"14":{"start":{"line":32,"column":13},"end":{"line":32,"column":39}},"15":{"start":{"line":33,"column":2},"end":{"line":33,"column":29}},"16":{"start":{"line":37,"column":13},"end":{"line":37,"column":26}},"17":{"start":{"line":38,"column":20},"end":{"line":40,"column":4}},"18":{"start":{"line":41,"column":2},"end":{"line":41,"column":40}},"19":{"start":{"line":45,"column":13},"end":{"line":45,"column":26}},"20":{"start":{"line":46,"column":14},"end":{"line":46,"column":22}},"21":{"start":{"line":48,"column":15},"end":{"line":50,"column":4}},"22":{"start":{"line":52,"column":21},"end":{"line":52,"column":43}},"23":{"start":{"line":53,"column":2},"end":{"line":53,"column":35}},"24":{"start":{"line":56,"column":0},"end":{"line":56,"column":24}}},"fnMap":{"0":{"name":"getPost","decl":{"start":{"line":14,"column":15},"end":{"line":14,"column":22}},"loc":{"start":{"line":14,"column":33},"end":{"line":19,"column":1}},"line":14},"1":{"name":"getOnePost","decl":{"start":{"line":21,"column":15},"end":{"line":21,"column":25}},"loc":{"start":{"line":21,"column":36},"end":{"line":28,"column":1}},"line":21},"2":{"name":"createPost","decl":{"start":{"line":30,"column":15},"end":{"line":30,"column":25}},"loc":{"start":{"line":30,"column":36},"end":{"line":34,"column":1}},"line":30},"3":{"name":"deletePost","decl":{"start":{"line":36,"column":15},"end":{"line":36,"column":25}},"loc":{"start":{"line":36,"column":36},"end":{"line":42,"column":1}},"line":36},"4":{"name":"updatePost","decl":{"start":{"line":44,"column":15},"end":{"line":44,"column":25}},"loc":{"start":{"line":44,"column":36},"end":{"line":54,"column":1}},"line":44}},"branchMap":{},"s":{"0":1,"1":1,"2":1,"3":1,"4":1,"5":1,"6":1,"7":1,"8":0,"9":0,"10":1,"11":1,"12":1,"13":2,"14":2,"15":2,"16":1,"17":1,"18":1,"19":1,"20":1,"21":1,"22":1,"23":1,"24":1},"f":{"0":0,"1":1,"2":2,"3":1,"4":1},"b":{},"_coverageSchema":"1a1c01bbd47fc00a2c39e90264f33305004495a9","hash":"e80fc1eb7f87f4b001824edf42e6ca2d460054ae"}
}
