TN:
SF:server.js
FN:13,(anonymous_0)
FN:22,start
FN:23,(anonymous_2)
FNF:3
FNH:0
FNDA:0,(anonymous_0)
FNDA:0,start
FNDA:0,(anonymous_2)
DA:3,1
DA:4,1
DA:5,1
DA:6,1
DA:7,1
DA:8,1
DA:9,1
DA:10,1
DA:11,1
DA:13,1
DA:14,0
DA:23,0
DA:27,1
LF:13
LH:11
BRF:0
BRH:0
end_of_record
TN:
SF:error-handlers/404.js
FN:3,(anonymous_0)
FNF:1
FNH:0
FNDA:0,(anonymous_0)
DA:3,1
DA:4,0
DA:8,0
LF:3
LH:1
BRDA:6,0,0,0
BRDA:6,0,1,0
BRF:2
BRH:0
end_of_record
TN:
SF:error-handlers/500.js
FN:3,(anonymous_0)
FNF:1
FNH:0
FNDA:0,(anonymous_0)
DA:3,1
DA:4,0
LF:2
LH:1
BRDA:6,0,0,0
BRDA:6,0,1,0
BRF:2
BRH:0
end_of_record
TN:
SF:models/index.js
FNF:0
FNH:0
DA:3,1
DA:4,1
DA:6,1
DA:8,1
DA:16,1
DA:22,1
LF:6
LH:6
BRDA:6,0,0,1
BRDA:6,0,1,1
BRF:2
BRH:2
end_of_record
TN:
SF:models/post.model.js
FN:3,(anonymous_0)
FNF:1
FNH:1
FNDA:1,(anonymous_0)
DA:3,1
DA:14,1
LF:2
LH:2
BRF:0
BRH:0
end_of_record
TN:
SF:routes/post.route.js
FN:14,getPost
FN:21,getOnePost
FN:30,createPost
FN:36,deletePost
FN:44,updatePost
FNF:5
FNH:5
FNDA:1,getPost
FNDA:1,getOnePost
FNDA:1,createPost
FNDA:1,deletePost
FNDA:1,updatePost
DA:3,1
DA:4,1
DA:6,1
DA:8,1
DA:9,1
DA:10,1
DA:11,1
DA:12,1
DA:15,1
DA:16,0
DA:22,1
DA:24,1
DA:27,0
DA:31,1
DA:32,1
DA:33,0
DA:37,1
DA:38,1
DA:41,0
DA:45,1
DA:46,1
DA:48,1
DA:52,0
DA:53,0
DA:56,1
LF:25
LH:19
BRF:0
BRH:0
end_of_record
